C:\DEV\SIMLEVNC\SIMLEVNC\DEBUG\VC110.PDB
C:\DEV\SIMLEVNC\SIMLEVNC\DEBUG\MAIN.OBJ
C:\dev\simleVnc\simleVnc\Debug\main.obj
C:\dev\simleVnc\simleVnc\Debug\cl.command.1.tlog
C:\dev\simleVnc\simleVnc\Debug\CL.read.1.tlog
C:\dev\simleVnc\simleVnc\Debug\CL.write.1.tlog
C:\dev\simleVnc\simleVnc\Debug\link-cvtres.read.1.tlog
C:\dev\simleVnc\simleVnc\Debug\link-cvtres.write.1.tlog
C:\dev\simleVnc\simleVnc\Debug\link-rc.read.1.tlog
C:\dev\simleVnc\simleVnc\Debug\link-rc.write.1.tlog
C:\dev\simleVnc\simleVnc\Debug\link.5708-cvtres.read.1.tlog
C:\dev\simleVnc\simleVnc\Debug\link.5708-cvtres.write.1.tlog
C:\dev\simleVnc\simleVnc\Debug\link.5708-rc.read.1.tlog
C:\dev\simleVnc\simleVnc\Debug\link.5708-rc.write.1.tlog
C:\dev\simleVnc\simleVnc\Debug\link.5708.read.1.tlog
C:\dev\simleVnc\simleVnc\Debug\link.5708.write.1.tlog
C:\dev\simleVnc\simleVnc\Debug\link.command.1.tlog
C:\dev\simleVnc\simleVnc\Debug\link.read.1.tlog
C:\dev\simleVnc\simleVnc\Debug\link.write.1.tlog
C:\dev\simleVnc\simleVnc\Debug\vc110.idb
C:\dev\simleVnc\simleVnc\Debug\vc110.pdb
C:\dev\simleVnc\Debug\simleVnc.pdb
